2022-09-07 19:59:39,856 INFO  [org.jboss.modules] (main) JBoss Modules version 1.11.0.Final
2022-09-07 19:59:42,285 INFO  [org.jboss.msc] (main) JBoss MSC version 1.4.12.Final
2022-09-07 19:59:42,352 INFO  [org.jboss.threads] (main) JBoss Threads version 2.4.0.Final
2022-09-07 19:59:42,975 INFO  [org.jboss.as] (MSC service thread 1-3) WFLYSRV0049: Keycloak 13.0.1 (WildFly Core 15.0.1.Final) starting
2022-09-07 19:59:42,981 DEBUG [org.jboss.as.config] (MSC service thread 1-3) Configured system properties:
	[Standalone] = 
	awt.toolkit = sun.lwawt.macosx.LWCToolkit
	file.encoding = UTF-8
	file.separator = /
	ftp.nonProxyHosts = local|*.local|169.254/16|*.169.254/16
	gopherProxySet = false
	http.nonProxyHosts = local|*.local|169.254/16|*.169.254/16
	java.awt.graphicsenv = sun.awt.CGraphicsEnvironment
	java.awt.headless = true
	java.awt.printerjob = sun.lwawt.macosx.CPrinterJob
	java.class.path = /Users/desmondsoh/Library/Mobile Documents/com~apple~CloudDocs/Desmond/NTU_And_NUS_And_IMDA/IMDA_AND_NUS/NUS/MTECH School /Semester 2/Practice Module/Code/nus-SWE5005/back-end/project-capstone/keycloak-13.0.1/jboss-modules.jar
	java.class.version = 55.0
	java.home = /Library/Java/JavaVirtualMachines/adoptopenjdk-11.jdk/Contents/Home
	java.io.tmpdir = /var/folders/kf/2q5_zw6d71q2qfx60t3xgk300000gn/T/
	java.library.path = /Users/desmondsoh/Library/Java/Extensions:/Library/Java/Extensions:/Network/Library/Java/Extensions:/System/Library/Java/Extensions:/usr/lib/java:.
	java.net.preferIPv4Stack = true
	java.runtime.name = OpenJDK Runtime Environment
	java.runtime.version = 11.0.11+9
	java.specification.name = Java Platform API Specification
	java.specification.vendor = Oracle Corporation
	java.specification.version = 11
	java.util.logging.manager = org.jboss.logmanager.LogManager
	java.vendor = AdoptOpenJDK
	java.vendor.url = https://adoptopenjdk.net/
	java.vendor.url.bug = https://github.com/AdoptOpenJDK/openjdk-support/issues
	java.vendor.version = AdoptOpenJDK-11.0.11+9
	java.version = 11.0.11
	java.version.date = 2021-04-20
	java.vm.compressedOopsMode = Zero based
	java.vm.info = mixed mode
	java.vm.name = OpenJDK 64-Bit Server VM
	java.vm.specification.name = Java Virtual Machine Specification
	java.vm.specification.vendor = Oracle Corporation
	java.vm.specification.version = 11
	java.vm.vendor = AdoptOpenJDK
	java.vm.version = 11.0.11+9
	javax.management.builder.initial = org.jboss.as.jmx.PluggableMBeanServerBuilder
	jboss.home.dir = /Users/desmondsoh/Library/Mobile Documents/com~apple~CloudDocs/Desmond/NTU_And_NUS_And_IMDA/IMDA_AND_NUS/NUS/MTECH School /Semester 2/Practice Module/Code/nus-SWE5005/back-end/project-capstone/keycloak-13.0.1
	jboss.host.name = desmonds-mbp
	jboss.modules.dir = /Users/desmondsoh/Library/Mobile Documents/com~apple~CloudDocs/Desmond/NTU_And_NUS_And_IMDA/IMDA_AND_NUS/NUS/MTECH School /Semester 2/Practice Module/Code/nus-SWE5005/back-end/project-capstone/keycloak-13.0.1/modules
	jboss.modules.system.pkgs = org.jboss.byteman
	jboss.node.name = desmonds-mbp
	jboss.qualified.host.name = desmonds-mbp
	jboss.server.base.dir = /Users/desmondsoh/Library/Mobile Documents/com~apple~CloudDocs/Desmond/NTU_And_NUS_And_IMDA/IMDA_AND_NUS/NUS/MTECH School /Semester 2/Practice Module/Code/nus-SWE5005/back-end/project-capstone/keycloak-13.0.1/standalone
	jboss.server.config.dir = /Users/desmondsoh/Library/Mobile Documents/com~apple~CloudDocs/Desmond/NTU_And_NUS_And_IMDA/IMDA_AND_NUS/NUS/MTECH School /Semester 2/Practice Module/Code/nus-SWE5005/back-end/project-capstone/keycloak-13.0.1/standalone/configuration
	jboss.server.data.dir = /Users/desmondsoh/Library/Mobile Documents/com~apple~CloudDocs/Desmond/NTU_And_NUS_And_IMDA/IMDA_AND_NUS/NUS/MTECH School /Semester 2/Practice Module/Code/nus-SWE5005/back-end/project-capstone/keycloak-13.0.1/standalone/data
	jboss.server.deploy.dir = /Users/desmondsoh/Library/Mobile Documents/com~apple~CloudDocs/Desmond/NTU_And_NUS_And_IMDA/IMDA_AND_NUS/NUS/MTECH School /Semester 2/Practice Module/Code/nus-SWE5005/back-end/project-capstone/keycloak-13.0.1/standalone/data/content
	jboss.server.log.dir = /Users/desmondsoh/Library/Mobile Documents/com~apple~CloudDocs/Desmond/NTU_And_NUS_And_IMDA/IMDA_AND_NUS/NUS/MTECH School /Semester 2/Practice Module/Code/nus-SWE5005/back-end/project-capstone/keycloak-13.0.1/standalone/log
	jboss.server.name = desmonds-mbp
	jboss.server.persist.config = true
	jboss.server.temp.dir = /Users/desmondsoh/Library/Mobile Documents/com~apple~CloudDocs/Desmond/NTU_And_NUS_And_IMDA/IMDA_AND_NUS/NUS/MTECH School /Semester 2/Practice Module/Code/nus-SWE5005/back-end/project-capstone/keycloak-13.0.1/standalone/tmp
	jboss.socket.binding.port-offset = 100
	jdk.debug = release
	line.separator = 

	logging.configuration = file:/Users/desmondsoh/Library/Mobile Documents/com~apple~CloudDocs/Desmond/NTU_And_NUS_And_IMDA/IMDA_AND_NUS/NUS/MTECH School /Semester 2/Practice Module/Code/nus-SWE5005/back-end/project-capstone/keycloak-13.0.1/standalone/configuration/logging.properties
	module.path = /Users/desmondsoh/Library/Mobile Documents/com~apple~CloudDocs/Desmond/NTU_And_NUS_And_IMDA/IMDA_AND_NUS/NUS/MTECH School /Semester 2/Practice Module/Code/nus-SWE5005/back-end/project-capstone/keycloak-13.0.1/modules
	org.jboss.boot.log.file = /Users/desmondsoh/Library/Mobile Documents/com~apple~CloudDocs/Desmond/NTU_And_NUS_And_IMDA/IMDA_AND_NUS/NUS/MTECH School /Semester 2/Practice Module/Code/nus-SWE5005/back-end/project-capstone/keycloak-13.0.1/standalone/log/server.log
	org.jboss.resolver.warning = true
	os.arch = x86_64
	os.name = Mac OS X
	os.version = 11.3
	path.separator = :
	socksNonProxyHosts = local|*.local|169.254/16|*.169.254/16
	sun.arch.data.model = 64
	sun.boot.library.path = /Library/Java/JavaVirtualMachines/adoptopenjdk-11.jdk/Contents/Home/lib
	sun.cpu.endian = little
	sun.cpu.isalist = 
	sun.io.unicode.encoding = UnicodeBig
	sun.java.command = /Users/desmondsoh/Library/Mobile Documents/com~apple~CloudDocs/Desmond/NTU_And_NUS_And_IMDA/IMDA_AND_NUS/NUS/MTECH School /Semester 2/Practice Module/Code/nus-SWE5005/back-end/project-capstone/keycloak-13.0.1/jboss-modules.jar -mp /Users/desmondsoh/Library/Mobile Documents/com~apple~CloudDocs/Desmond/NTU_And_NUS_And_IMDA/IMDA_AND_NUS/NUS/MTECH School /Semester 2/Practice Module/Code/nus-SWE5005/back-end/project-capstone/keycloak-13.0.1/modules org.jboss.as.standalone -Djboss.home.dir=/Users/desmondsoh/Library/Mobile Documents/com~apple~CloudDocs/Desmond/NTU_And_NUS_And_IMDA/IMDA_AND_NUS/NUS/MTECH School /Semester 2/Practice Module/Code/nus-SWE5005/back-end/project-capstone/keycloak-13.0.1 -Djboss.server.base.dir=/Users/desmondsoh/Library/Mobile Documents/com~apple~CloudDocs/Desmond/NTU_And_NUS_And_IMDA/IMDA_AND_NUS/NUS/MTECH School /Semester 2/Practice Module/Code/nus-SWE5005/back-end/project-capstone/keycloak-13.0.1/standalone -Djboss.socket.binding.port-offset=100
	sun.java.launcher = SUN_STANDARD
	sun.jnu.encoding = UTF-8
	sun.management.compiler = HotSpot 64-Bit Tiered Compilers
	sun.os.patch.level = unknown
	user.country = GB
	user.dir = /Users/desmondsoh/Library/Mobile Documents/com~apple~CloudDocs/Desmond/NTU_And_NUS_And_IMDA/IMDA_AND_NUS/NUS/MTECH School /Semester 2/Practice Module/Code/nus-SWE5005/back-end/project-capstone/keycloak-13.0.1/bin
	user.home = /Users/desmondsoh
	user.language = en
	user.name = desmondsoh
	user.timezone = Asia/Singapore
2022-09-07 19:59:42,984 DEBUG [org.jboss.as.config] (MSC service thread 1-3) VM Arguments: -D[Standalone] -Xms64m -Xmx512m -XX:MetaspaceSize=96M -XX:MaxMetaspaceSize=256m -Djava.net.preferIPv4Stack=true -Djboss.modules.system.pkgs=org.jboss.byteman -Djava.awt.headless=true --add-exports=java.base/sun.nio.ch=ALL-UNNAMED --add-exports=jdk.unsupported/sun.misc=ALL-UNNAMED --add-exports=jdk.unsupported/sun.reflect=ALL-UNNAMED -Dorg.jboss.boot.log.file=/Users/desmondsoh/Library/Mobile Documents/com~apple~CloudDocs/Desmond/NTU_And_NUS_And_IMDA/IMDA_AND_NUS/NUS/MTECH School /Semester 2/Practice Module/Code/nus-SWE5005/back-end/project-capstone/keycloak-13.0.1/standalone/log/server.log -Dlogging.configuration=file:/Users/desmondsoh/Library/Mobile Documents/com~apple~CloudDocs/Desmond/NTU_And_NUS_And_IMDA/IMDA_AND_NUS/NUS/MTECH School /Semester 2/Practice Module/Code/nus-SWE5005/back-end/project-capstone/keycloak-13.0.1/standalone/configuration/logging.properties 
2022-09-07 19:59:45,902 INFO  [org.wildfly.security] (ServerService Thread Pool -- 20) ELY00001: WildFly Elytron version 1.15.3.Final
2022-09-07 19:59:46,971 INFO  [org.jboss.as.controller.management-deprecated] (ServerService Thread Pool -- 19) WFLYCTL0033: Extension 'security' is deprecated and may not be supported in future versions
2022-09-07 19:59:47,494 INFO  [org.jboss.as.controller.management-deprecated] (Controller Boot Thread) WFLYCTL0028: Attribute 'security-realm' in the resource at address '/core-service=management/management-interface=http-interface' is deprecated, and may be removed in a future version. See the attribute description in the output of the read-resource-description operation to learn more about the deprecation.
2022-09-07 19:59:47,568 INFO  [org.jboss.as.controller.management-deprecated] (ServerService Thread Pool -- 9) WFLYCTL0028: Attribute 'security-realm' in the resource at address '/subsystem=undertow/server=default-server/https-listener=https' is deprecated, and may be removed in a future version. See the attribute description in the output of the read-resource-description operation to learn more about the deprecation.
2022-09-07 19:59:47,765 INFO  [org.jboss.as.server] (Controller Boot Thread) WFLYSRV0039: Creating http management service using socket-binding (management-http)
2022-09-07 19:59:47,786 INFO  [org.xnio] (MSC service thread 1-2) XNIO version 3.8.4.Final
2022-09-07 19:59:47,795 INFO  [org.xnio.nio] (MSC service thread 1-2) XNIO NIO Implementation Version 3.8.4.Final
2022-09-07 19:59:47,844 INFO  [org.jboss.remoting] (MSC service thread 1-8) JBoss Remoting version 5.0.20.Final
2022-09-07 19:59:47,881 INFO  [org.wildfly.extension.io] (ServerService Thread Pool -- 35) WFLYIO001: Worker 'default' has auto-configured to 8 IO threads with 64 max task threads based on your 4 available processors
2022-09-07 19:59:47,881 INFO  [org.wildfly.extension.health] (ServerService Thread Pool -- 34) WFLYHEALTH0001: Activating Base Health Subsystem
2022-09-07 19:59:47,895 INFO  [org.jboss.as.clustering.infinispan] (ServerService Thread Pool -- 40) WFLYCLINF0001: Activating Infinispan subsystem.
2022-09-07 19:59:47,926 INFO  [org.wildfly.extension.metrics] (ServerService Thread Pool -- 44) WFLYMETRICS0001: Activating Base Metrics Subsystem
2022-09-07 19:59:47,931 INFO  [org.jboss.as.naming] (ServerService Thread Pool -- 45) WFLYNAM0001: Activating Naming Subsystem
2022-09-07 19:59:47,959 INFO  [org.wildfly.extension.undertow] (MSC service thread 1-3) WFLYUT0003: Undertow 2.2.5.Final starting
2022-09-07 19:59:47,958 INFO  [org.jboss.as.connector] (MSC service thread 1-6) WFLYJCA0009: Starting Jakarta Connectors Subsystem (WildFly/IronJacamar 1.4.27.Final)
2022-09-07 19:59:47,987 INFO  [org.jboss.as.naming] (MSC service thread 1-7) WFLYNAM0003: Starting Naming Service
2022-09-07 19:59:47,992 INFO  [org.jboss.as.mail.extension] (MSC service thread 1-6) WFLYMAIL0001: Bound mail session [java:jboss/mail/Default]
2022-09-07 19:59:48,037 WARN  [org.jboss.as.txn] (ServerService Thread Pool -- 52) WFLYTX0013: The node-identifier attribute on the /subsystem=transactions is set to the default value. This is a danger for environments running multiple servers. Please make sure the attribute value is unique.
2022-09-07 19:59:48,051 INFO  [org.jboss.as.security] (ServerService Thread Pool -- 49) WFLYSEC0002: Activating Security Subsystem
2022-09-07 19:59:48,122 WARN  [org.wildfly.clustering.web.undertow] (ServerService Thread Pool -- 42) WFLYCLWEBUT0007: No routing provider found for default-server; using legacy provider based on static configuration
2022-09-07 19:59:48,140 INFO  [org.jboss.as.connector.subsystems.datasources] (ServerService Thread Pool -- 50) WFLYJCA0004: Deploying JDBC-compliant driver class org.h2.Driver (version 1.4)
2022-09-07 19:59:48,152 INFO  [org.jboss.as.security] (MSC service thread 1-2) WFLYSEC0001: Current PicketBox version=5.0.3.Final-redhat-00007
2022-09-07 19:59:48,160 INFO  [org.jboss.as.connector.deployers.jdbc] (MSC service thread 1-8) WFLYJCA0018: Started Driver service with driver-name = h2
2022-09-07 19:59:48,275 INFO  [org.jboss.as.jaxrs] (ServerService Thread Pool -- 36) WFLYRS0016: RESTEasy version 3.15.1.Final
2022-09-07 19:59:48,410 INFO  [org.wildfly.extension.undertow] (ServerService Thread Pool -- 42) WFLYUT0014: Creating file handler for path '/Users/desmondsoh/Library/Mobile Documents/com~apple~CloudDocs/Desmond/NTU_And_NUS_And_IMDA/IMDA_AND_NUS/NUS/MTECH School /Semester 2/Practice Module/Code/nus-SWE5005/back-end/project-capstone/keycloak-13.0.1/welcome-content' with options [directory-listing: 'false', follow-symlink: 'false', case-sensitive: 'true', safe-symlink-paths: '[]']
2022-09-07 19:59:48,482 INFO  [org.jboss.as.ejb3] (MSC service thread 1-4) WFLYEJB0481: Strict pool slsb-strict-max-pool is using a max instance size of 64 (per class), which is derived from thread worker pool sizing.
2022-09-07 19:59:48,485 INFO  [org.wildfly.extension.undertow] (MSC service thread 1-4) WFLYUT0012: Started server default-server.
2022-09-07 19:59:48,489 INFO  [org.wildfly.extension.undertow] (MSC service thread 1-8) Queuing requests.
2022-09-07 19:59:48,490 INFO  [org.wildfly.extension.undertow] (MSC service thread 1-8) WFLYUT0018: Host default-host starting
2022-09-07 19:59:48,459 WARN  [org.wildfly.extension.elytron] (MSC service thread 1-1) WFLYELY00023: KeyStore file '/Users/desmondsoh/Library/Mobile Documents/com~apple~CloudDocs/Desmond/NTU_And_NUS_And_IMDA/IMDA_AND_NUS/NUS/MTECH School /Semester 2/Practice Module/Code/nus-SWE5005/back-end/project-capstone/keycloak-13.0.1/standalone/configuration/application.keystore' does not exist. Used blank.
2022-09-07 19:59:48,483 INFO  [org.jboss.as.ejb3] (MSC service thread 1-3) WFLYEJB0482: Strict pool mdb-strict-max-pool is using a max instance size of 16 (per class), which is derived from the number of CPUs on this host.
2022-09-07 19:59:48,592 WARN  [org.wildfly.extension.elytron] (MSC service thread 1-3) WFLYELY01084: KeyStore /Users/desmondsoh/Library/Mobile Documents/com~apple~CloudDocs/Desmond/NTU_And_NUS_And_IMDA/IMDA_AND_NUS/NUS/MTECH School /Semester 2/Practice Module/Code/nus-SWE5005/back-end/project-capstone/keycloak-13.0.1/standalone/configuration/application.keystore not found, it will be auto generated on first use with a self-signed certificate for host localhost
2022-09-07 19:59:48,882 INFO  [org.wildfly.extension.undertow] (MSC service thread 1-6) WFLYUT0006: Undertow HTTP listener default listening on 127.0.0.1:8180
2022-09-07 19:59:50,079 INFO  [org.jboss.as.ejb3] (MSC service thread 1-4) WFLYEJB0493: Jakarta Enterprise Beans subsystem suspension complete
2022-09-07 19:59:50,595 INFO  [org.jboss.as.connector.subsystems.datasources] (MSC service thread 1-3) WFLYJCA0001: Bound data source [java:jboss/datasources/KeycloakDS]
2022-09-07 19:59:50,630 INFO  [org.jboss.as.connector.subsystems.datasources] (MSC service thread 1-3) WFLYJCA0001: Bound data source [java:jboss/datasources/ExampleDS]
2022-09-07 19:59:51,697 INFO  [org.jboss.as.patching] (MSC service thread 1-8) WFLYPAT0050: Keycloak cumulative patch ID is: base, one-off patches include: none
2022-09-07 19:59:51,794 INFO  [org.jboss.as.server.deployment.scanner] (MSC service thread 1-3) WFLYDS0013: Started FileSystemDeploymentService for directory /Users/desmondsoh/Library/Mobile Documents/com~apple~CloudDocs/Desmond/NTU_And_NUS_And_IMDA/IMDA_AND_NUS/NUS/MTECH School /Semester 2/Practice Module/Code/nus-SWE5005/back-end/project-capstone/keycloak-13.0.1/standalone/deployments
2022-09-07 19:59:51,777 WARN  [org.jboss.as.domain.management.security] (MSC service thread 1-4) WFLYDM0111: Keystore /Users/desmondsoh/Library/Mobile Documents/com~apple~CloudDocs/Desmond/NTU_And_NUS_And_IMDA/IMDA_AND_NUS/NUS/MTECH School /Semester 2/Practice Module/Code/nus-SWE5005/back-end/project-capstone/keycloak-13.0.1/standalone/configuration/application.keystore not found, it will be auto generated on first use with a self signed certificate for host localhost
2022-09-07 19:59:51,831 INFO  [org.jboss.as.server.deployment] (MSC service thread 1-7) WFLYSRV0027: Starting deployment of "keycloak-server.war" (runtime-name: "keycloak-server.war")
2022-09-07 19:59:51,853 INFO  [org.wildfly.extension.undertow] (MSC service thread 1-3) WFLYUT0006: Undertow HTTPS listener https listening on 127.0.0.1:8543
2022-09-07 19:59:54,992 INFO  [org.infinispan.CONTAINER] (ServerService Thread Pool -- 55) ISPN000128: Infinispan version: Infinispan 'Corona Extra' 11.0.9.Final
2022-09-07 19:59:55,208 INFO  [org.infinispan.CONFIG] (MSC service thread 1-4) ISPN000152: Passivation configured without an eviction policy being selected. Only manually evicted entities will be passivated.
2022-09-07 19:59:55,209 INFO  [org.infinispan.CONFIG] (MSC service thread 1-4) ISPN000152: Passivation configured without an eviction policy being selected. Only manually evicted entities will be passivated.
2022-09-07 19:59:55,469 INFO  [org.infinispan.PERSISTENCE] (ServerService Thread Pool -- 54) ISPN000556: Starting user marshaller 'org.wildfly.clustering.infinispan.spi.marshalling.InfinispanProtoStreamMarshaller'
2022-09-07 19:59:55,472 INFO  [org.infinispan.PERSISTENCE] (ServerService Thread Pool -- 55) ISPN000556: Starting user marshaller 'org.wildfly.clustering.infinispan.marshalling.jboss.JBossMarshaller'
2022-09-07 19:59:56,123 INFO  [org.jboss.as.clustering.infinispan] (ServerService Thread Pool -- 54) WFLYCLINF0002: Started http-remoting-connector cache from ejb container
2022-09-07 19:59:56,153 INFO  [org.jboss.as.clustering.infinispan] (ServerService Thread Pool -- 57) WFLYCLINF0002: Started sessions cache from keycloak container
2022-09-07 19:59:56,154 INFO  [org.jboss.as.clustering.infinispan] (ServerService Thread Pool -- 62) WFLYCLINF0002: Started offlineClientSessions cache from keycloak container
2022-09-07 19:59:56,155 INFO  [org.jboss.as.clustering.infinispan] (ServerService Thread Pool -- 60) WFLYCLINF0002: Started clientSessions cache from keycloak container
2022-09-07 19:59:56,157 INFO  [org.jboss.as.clustering.infinispan] (ServerService Thread Pool -- 58) WFLYCLINF0002: Started actionTokens cache from keycloak container
2022-09-07 19:59:56,157 INFO  [org.jboss.as.clustering.infinispan] (ServerService Thread Pool -- 59) WFLYCLINF0002: Started loginFailures cache from keycloak container
2022-09-07 19:59:56,157 INFO  [org.jboss.as.clustering.infinispan] (ServerService Thread Pool -- 56) WFLYCLINF0002: Started offlineSessions cache from keycloak container
2022-09-07 19:59:56,159 INFO  [org.jboss.as.clustering.infinispan] (ServerService Thread Pool -- 64) WFLYCLINF0002: Started authenticationSessions cache from keycloak container
2022-09-07 19:59:56,195 INFO  [org.jboss.as.clustering.infinispan] (ServerService Thread Pool -- 55) WFLYCLINF0002: Started work cache from keycloak container
2022-09-07 19:59:56,211 INFO  [org.jboss.as.clustering.infinispan] (ServerService Thread Pool -- 65) WFLYCLINF0002: Started keys cache from keycloak container
2022-09-07 19:59:56,211 INFO  [org.jboss.as.clustering.infinispan] (ServerService Thread Pool -- 61) WFLYCLINF0002: Started authorization cache from keycloak container
2022-09-07 19:59:56,211 INFO  [org.jboss.as.clustering.infinispan] (ServerService Thread Pool -- 63) WFLYCLINF0002: Started users cache from keycloak container
2022-09-07 19:59:56,211 INFO  [org.jboss.as.clustering.infinispan] (ServerService Thread Pool -- 66) WFLYCLINF0002: Started realms cache from keycloak container
2022-09-07 19:59:56,492 WARN  [org.jboss.as.server.deployment] (MSC service thread 1-2) WFLYSRV0273: Excluded subsystem webservices via jboss-deployment-structure.xml does not exist.
2022-09-07 19:59:58,976 INFO  [org.keycloak.services] (ServerService Thread Pool -- 54) KC-SERVICES0001: Loading config from standalone.xml or domain.xml
2022-09-07 20:00:01,212 INFO  [org.keycloak.url.DefaultHostnameProviderFactory] (ServerService Thread Pool -- 54) Frontend: <request>, Admin: <frontend>, Backend: <request>
2022-09-07 20:00:01,472 INFO  [org.jboss.as.clustering.infinispan] (ServerService Thread Pool -- 54) WFLYCLINF0002: Started realmRevisions cache from keycloak container
2022-09-07 20:00:01,479 INFO  [org.jboss.as.clustering.infinispan] (ServerService Thread Pool -- 54) WFLYCLINF0002: Started userRevisions cache from keycloak container
2022-09-07 20:00:01,485 INFO  [org.jboss.as.clustering.infinispan] (ServerService Thread Pool -- 54) WFLYCLINF0002: Started authorizationRevisions cache from keycloak container
2022-09-07 20:00:01,487 INFO  [org.keycloak.connections.infinispan.DefaultInfinispanConnectionProviderFactory] (ServerService Thread Pool -- 54) Node name: desmonds-mbp, Site name: null
2022-09-07 20:00:04,371 INFO  [org.keycloak.connections.jpa.DefaultJpaConnectionProviderFactory] (ServerService Thread Pool -- 54) Database info: {databaseUrl=jdbc:h2:/Users/desmondsoh/Library/Mobile Documents/com~apple~CloudDocs/Desmond/NTU_And_NUS_And_IMDA/IMDA_AND_NUS/NUS/MTECH School /Semester 2/Practice Module/Code/nus-SWE5005/back-end/project-capstone/keycloak-13.0.1/standalone/data/keycloak, databaseUser=SA, databaseProduct=H2 1.4.197 (2018-03-18), databaseDriver=H2 JDBC Driver 1.4.197 (2018-03-18)}
2022-09-07 20:00:14,922 INFO  [org.hibernate.jpa.internal.util.LogHelper] (ServerService Thread Pool -- 54) HHH000204: Processing PersistenceUnitInfo [
	name: keycloak-default
	...]
2022-09-07 20:00:15,170 INFO  [org.hibernate.Version] (ServerService Thread Pool -- 54) HHH000412: Hibernate Core {5.3.20.Final}
2022-09-07 20:00:15,172 INFO  [org.hibernate.cfg.Environment] (ServerService Thread Pool -- 54) HHH000206: hibernate.properties not found
2022-09-07 20:00:15,621 INFO  [org.hibernate.annotations.common.Version] (ServerService Thread Pool -- 54) HCANN000001: Hibernate Commons Annotations {5.0.5.Final}
2022-09-07 20:00:16,145 INFO  [org.hibernate.dialect.Dialect] (ServerService Thread Pool -- 54) HHH000400: Using dialect: org.hibernate.dialect.H2Dialect
2022-09-07 20:00:16,289 INFO  [org.hibernate.envers.boot.internal.EnversServiceImpl] (ServerService Thread Pool -- 54) Envers integration enabled? : true
2022-09-07 20:00:17,778 INFO  [org.hibernate.orm.beans] (ServerService Thread Pool -- 54) HHH10005002: No explicit CDI BeanManager reference was passed to Hibernate, but CDI is available on the Hibernate ClassLoader.
2022-09-07 20:00:17,992 INFO  [org.hibernate.validator.internal.util.Version] (ServerService Thread Pool -- 54) HV000001: Hibernate Validator 6.0.22.Final
2022-09-07 20:00:21,434 INFO  [org.hibernate.hql.internal.QueryTranslatorFactoryInitiator] (ServerService Thread Pool -- 54) HHH000397: Using ASTQueryTranslatorFactory
2022-09-07 20:00:23,803 INFO  [org.jboss.resteasy.resteasy_jaxrs.i18n] (ServerService Thread Pool -- 54) RESTEASY002225: Deploying javax.ws.rs.core.Application: class org.keycloak.services.resources.KeycloakApplication
2022-09-07 20:00:23,810 INFO  [org.jboss.resteasy.resteasy_jaxrs.i18n] (ServerService Thread Pool -- 54) RESTEASY002205: Adding provider class org.keycloak.services.filters.KeycloakSecurityHeadersFilter from Application class org.keycloak.services.resources.KeycloakApplication
2022-09-07 20:00:23,811 INFO  [org.jboss.resteasy.resteasy_jaxrs.i18n] (ServerService Thread Pool -- 54) RESTEASY002200: Adding class resource org.keycloak.services.resources.JsResource from Application class org.keycloak.services.resources.KeycloakApplication
2022-09-07 20:00:23,888 INFO  [org.jboss.resteasy.resteasy_jaxrs.i18n] (ServerService Thread Pool -- 54) RESTEASY002200: Adding class resource org.keycloak.services.resources.ThemeResource from Application class org.keycloak.services.resources.KeycloakApplication
2022-09-07 20:00:23,888 INFO  [org.jboss.resteasy.resteasy_jaxrs.i18n] (ServerService Thread Pool -- 54) RESTEASY002205: Adding provider class org.keycloak.services.error.KeycloakErrorHandler from Application class org.keycloak.services.resources.KeycloakApplication
2022-09-07 20:00:23,892 INFO  [org.jboss.resteasy.resteasy_jaxrs.i18n] (ServerService Thread Pool -- 54) RESTEASY002220: Adding singleton resource org.keycloak.services.resources.admin.AdminRoot from Application class org.keycloak.services.resources.KeycloakApplication
2022-09-07 20:00:23,895 INFO  [org.jboss.resteasy.resteasy_jaxrs.i18n] (ServerService Thread Pool -- 54) RESTEASY002220: Adding singleton resource org.keycloak.services.resources.RobotsResource from Application class org.keycloak.services.resources.KeycloakApplication
2022-09-07 20:00:23,909 INFO  [org.jboss.resteasy.resteasy_jaxrs.i18n] (ServerService Thread Pool -- 54) RESTEASY002220: Adding singleton resource org.keycloak.services.resources.RealmsResource from Application class org.keycloak.services.resources.KeycloakApplication
2022-09-07 20:00:23,912 INFO  [org.jboss.resteasy.resteasy_jaxrs.i18n] (ServerService Thread Pool -- 54) RESTEASY002210: Adding provider singleton org.keycloak.services.util.ObjectMapperResolver from Application class org.keycloak.services.resources.KeycloakApplication
2022-09-07 20:00:23,933 INFO  [org.jboss.resteasy.resteasy_jaxrs.i18n] (ServerService Thread Pool -- 54) RESTEASY002220: Adding singleton resource org.keycloak.services.resources.WelcomeResource from Application class org.keycloak.services.resources.KeycloakApplication
2022-09-07 20:00:24,159 INFO  [org.wildfly.extension.undertow] (ServerService Thread Pool -- 54) WFLYUT0021: Registered web context: '/auth' for server 'default-server'
2022-09-07 20:00:24,273 INFO  [org.jboss.as.server] (ServerService Thread Pool -- 41) WFLYSRV0010: Deployed "keycloak-server.war" (runtime-name : "keycloak-server.war")
2022-09-07 20:00:24,335 INFO  [org.jboss.as.server] (Controller Boot Thread) WFLYSRV0212: Resuming server
2022-09-07 20:00:24,338 INFO  [org.jboss.as] (Controller Boot Thread) WFLYSRV0025: Keycloak 13.0.1 (WildFly Core 15.0.1.Final) started in 47997ms - Started 594 of 872 services (584 services are lazy, passive or on-demand)
2022-09-07 20:00:24,341 INFO  [org.jboss.as] (Controller Boot Thread) WFLYSRV0060: Http management interface listening on http://127.0.0.1:10090/management
2022-09-07 20:00:24,341 INFO  [org.jboss.as] (Controller Boot Thread) WFLYSRV0051: Admin console listening on http://127.0.0.1:10090
2022-09-07 20:38:30,553 INFO  [org.jboss.as.server] (Thread-1) WFLYSRV0272: Suspending server
2022-09-07 20:38:30,590 INFO  [org.jboss.as.ejb3] (Thread-1) WFLYEJB0493: Jakarta Enterprise Beans subsystem suspension complete
2022-09-07 20:38:30,604 INFO  [org.jboss.as.server] (Thread-1) WFLYSRV0220: Server shutdown has been requested via an OS signal
2022-09-07 20:38:30,722 INFO  [org.jboss.as.connector.subsystems.datasources] (MSC service thread 1-4) WFLYJCA0010: Unbound data source [java:jboss/datasources/KeycloakDS]
2022-09-07 20:38:30,728 INFO  [org.jboss.as.mail.extension] (MSC service thread 1-2) WFLYMAIL0002: Unbound mail session [java:jboss/mail/Default]
2022-09-07 20:38:30,757 INFO  [org.wildfly.extension.undertow] (MSC service thread 1-3) WFLYUT0008: Undertow HTTPS listener https suspending
2022-09-07 20:38:30,761 INFO  [org.wildfly.extension.undertow] (MSC service thread 1-3) WFLYUT0007: Undertow HTTPS listener https stopped, was bound to 127.0.0.1:8543
2022-09-07 20:38:30,776 INFO  [org.wildfly.extension.undertow] (ServerService Thread Pool -- 54) WFLYUT0022: Unregistered web context: '/auth' from server 'default-server'
2022-09-07 20:38:30,854 INFO  [org.jboss.as.connector.subsystems.datasources] (MSC service thread 1-1) WFLYJCA0010: Unbound data source [java:jboss/datasources/ExampleDS]
2022-09-07 20:38:30,861 INFO  [org.jboss.as.connector.deployers.jdbc] (MSC service thread 1-8) WFLYJCA0019: Stopped Driver service with driver-name = h2
2022-09-07 20:38:30,864 INFO  [org.wildfly.extension.undertow] (MSC service thread 1-1) WFLYUT0019: Host default-host stopping
2022-09-07 20:38:30,918 INFO  [org.jboss.as.clustering.infinispan] (ServerService Thread Pool -- 77) WFLYCLINF0003: Stopped sessions cache from keycloak container
2022-09-07 20:38:30,918 INFO  [org.jboss.as.clustering.infinispan] (ServerService Thread Pool -- 79) WFLYCLINF0003: Stopped loginFailures cache from keycloak container
2022-09-07 20:38:30,919 INFO  [org.jboss.as.clustering.infinispan] (ServerService Thread Pool -- 72) WFLYCLINF0003: Stopped work cache from keycloak container
2022-09-07 20:38:30,919 INFO  [org.jboss.as.clustering.infinispan] (ServerService Thread Pool -- 69) WFLYCLINF0003: Stopped actionTokens cache from keycloak container
2022-09-07 20:38:30,919 INFO  [org.jboss.as.clustering.infinispan] (ServerService Thread Pool -- 78) WFLYCLINF0003: Stopped authenticationSessions cache from keycloak container
2022-09-07 20:38:30,919 INFO  [org.jboss.as.clustering.infinispan] (ServerService Thread Pool -- 76) WFLYCLINF0003: Stopped offlineClientSessions cache from keycloak container
2022-09-07 20:38:30,919 INFO  [org.jboss.as.clustering.infinispan] (ServerService Thread Pool -- 80) WFLYCLINF0003: Stopped offlineSessions cache from keycloak container
2022-09-07 20:38:30,919 INFO  [org.jboss.as.clustering.infinispan] (ServerService Thread Pool -- 74) WFLYCLINF0003: Stopped clientSessions cache from keycloak container
2022-09-07 20:38:30,922 INFO  [org.jboss.as.clustering.infinispan] (ServerService Thread Pool -- 71) WFLYCLINF0003: Stopped keys cache from keycloak container
2022-09-07 20:38:30,928 INFO  [org.jboss.as.clustering.infinispan] (ServerService Thread Pool -- 73) WFLYCLINF0003: Stopped users cache from keycloak container
2022-09-07 20:38:30,929 INFO  [org.jboss.as.clustering.infinispan] (ServerService Thread Pool -- 75) WFLYCLINF0003: Stopped authorization cache from keycloak container
2022-09-07 20:38:30,937 INFO  [org.jboss.as.clustering.infinispan] (ServerService Thread Pool -- 70) WFLYCLINF0003: Stopped realms cache from keycloak container
2022-09-07 20:38:30,944 INFO  [org.jboss.as.server.deployment] (MSC service thread 1-4) WFLYSRV0028: Stopped deployment keycloak-server.war (runtime-name: keycloak-server.war) in 321ms
2022-09-07 20:38:30,951 INFO  [org.wildfly.extension.undertow] (MSC service thread 1-7) WFLYUT0008: Undertow HTTP listener default suspending
2022-09-07 20:38:30,957 INFO  [org.wildfly.extension.undertow] (MSC service thread 1-7) WFLYUT0007: Undertow HTTP listener default stopped, was bound to 127.0.0.1:8180
2022-09-07 20:38:30,959 INFO  [org.infinispan.manager.DefaultCacheManager] (ServerService Thread Pool -- 76) Stopping cache manager null on null
2022-09-07 20:38:30,959 INFO  [org.wildfly.extension.undertow] (MSC service thread 1-3) WFLYUT0004: Undertow 2.2.5.Final stopping
2022-09-07 20:38:31,231 INFO  [org.jboss.as.clustering.infinispan] (ServerService Thread Pool -- 54) WFLYCLINF0003: Stopped http-remoting-connector cache from ejb container
2022-09-07 20:38:31,232 INFO  [org.infinispan.manager.DefaultCacheManager] (ServerService Thread Pool -- 54) Stopping cache manager null on null
2022-09-07 20:38:31,252 INFO  [org.jboss.as] (MSC service thread 1-3) WFLYSRV0050: Keycloak 13.0.1 (WildFly Core 15.0.1.Final) stopped in 628ms
2022-09-07 20:40:31,586 INFO  [org.jboss.modules] (main) JBoss Modules version 1.11.0.Final
2022-09-07 20:40:32,842 INFO  [org.jboss.msc] (main) JBoss MSC version 1.4.12.Final
2022-09-07 20:40:32,891 INFO  [org.jboss.threads] (main) JBoss Threads version 2.4.0.Final
2022-09-07 20:40:33,138 INFO  [org.jboss.as] (MSC service thread 1-2) WFLYSRV0049: Keycloak 13.0.1 (WildFly Core 15.0.1.Final) starting
2022-09-07 20:40:33,142 DEBUG [org.jboss.as.config] (MSC service thread 1-2) Configured system properties:
	[Standalone] = 
	awt.toolkit = sun.lwawt.macosx.LWCToolkit
	file.encoding = UTF-8
	file.separator = /
	ftp.nonProxyHosts = local|*.local|169.254/16|*.169.254/16
	gopherProxySet = false
	http.nonProxyHosts = local|*.local|169.254/16|*.169.254/16
	java.awt.graphicsenv = sun.awt.CGraphicsEnvironment
	java.awt.headless = true
	java.awt.printerjob = sun.lwawt.macosx.CPrinterJob
	java.class.path = /Users/desmondsoh/Library/Mobile Documents/com~apple~CloudDocs/Desmond/NTU_And_NUS_And_IMDA/IMDA_AND_NUS/NUS/MTECH School /Semester 2/Practice Module/Code/nus-SWE5005/back-end/project-capstone/keycloak-13.0.1/jboss-modules.jar
	java.class.version = 55.0
	java.home = /Library/Java/JavaVirtualMachines/adoptopenjdk-11.jdk/Contents/Home
	java.io.tmpdir = /var/folders/kf/2q5_zw6d71q2qfx60t3xgk300000gn/T/
	java.library.path = /Users/desmondsoh/Library/Java/Extensions:/Library/Java/Extensions:/Network/Library/Java/Extensions:/System/Library/Java/Extensions:/usr/lib/java:.
	java.net.preferIPv4Stack = true
	java.runtime.name = OpenJDK Runtime Environment
	java.runtime.version = 11.0.11+9
	java.specification.name = Java Platform API Specification
	java.specification.vendor = Oracle Corporation
	java.specification.version = 11
	java.util.logging.manager = org.jboss.logmanager.LogManager
	java.vendor = AdoptOpenJDK
	java.vendor.url = https://adoptopenjdk.net/
	java.vendor.url.bug = https://github.com/AdoptOpenJDK/openjdk-support/issues
	java.vendor.version = AdoptOpenJDK-11.0.11+9
	java.version = 11.0.11
	java.version.date = 2021-04-20
	java.vm.compressedOopsMode = Zero based
	java.vm.info = mixed mode
	java.vm.name = OpenJDK 64-Bit Server VM
	java.vm.specification.name = Java Virtual Machine Specification
	java.vm.specification.vendor = Oracle Corporation
	java.vm.specification.version = 11
	java.vm.vendor = AdoptOpenJDK
	java.vm.version = 11.0.11+9
	javax.management.builder.initial = org.jboss.as.jmx.PluggableMBeanServerBuilder
	jboss.home.dir = /Users/desmondsoh/Library/Mobile Documents/com~apple~CloudDocs/Desmond/NTU_And_NUS_And_IMDA/IMDA_AND_NUS/NUS/MTECH School /Semester 2/Practice Module/Code/nus-SWE5005/back-end/project-capstone/keycloak-13.0.1
	jboss.host.name = desmonds-mbp
	jboss.modules.dir = /Users/desmondsoh/Library/Mobile Documents/com~apple~CloudDocs/Desmond/NTU_And_NUS_And_IMDA/IMDA_AND_NUS/NUS/MTECH School /Semester 2/Practice Module/Code/nus-SWE5005/back-end/project-capstone/keycloak-13.0.1/modules
	jboss.modules.system.pkgs = org.jboss.byteman
	jboss.node.name = desmonds-mbp
	jboss.qualified.host.name = desmonds-mbp
	jboss.server.base.dir = /Users/desmondsoh/Library/Mobile Documents/com~apple~CloudDocs/Desmond/NTU_And_NUS_And_IMDA/IMDA_AND_NUS/NUS/MTECH School /Semester 2/Practice Module/Code/nus-SWE5005/back-end/project-capstone/keycloak-13.0.1/standalone
	jboss.server.config.dir = /Users/desmondsoh/Library/Mobile Documents/com~apple~CloudDocs/Desmond/NTU_And_NUS_And_IMDA/IMDA_AND_NUS/NUS/MTECH School /Semester 2/Practice Module/Code/nus-SWE5005/back-end/project-capstone/keycloak-13.0.1/standalone/configuration
	jboss.server.data.dir = /Users/desmondsoh/Library/Mobile Documents/com~apple~CloudDocs/Desmond/NTU_And_NUS_And_IMDA/IMDA_AND_NUS/NUS/MTECH School /Semester 2/Practice Module/Code/nus-SWE5005/back-end/project-capstone/keycloak-13.0.1/standalone/data
	jboss.server.deploy.dir = /Users/desmondsoh/Library/Mobile Documents/com~apple~CloudDocs/Desmond/NTU_And_NUS_And_IMDA/IMDA_AND_NUS/NUS/MTECH School /Semester 2/Practice Module/Code/nus-SWE5005/back-end/project-capstone/keycloak-13.0.1/standalone/data/content
	jboss.server.log.dir = /Users/desmondsoh/Library/Mobile Documents/com~apple~CloudDocs/Desmond/NTU_And_NUS_And_IMDA/IMDA_AND_NUS/NUS/MTECH School /Semester 2/Practice Module/Code/nus-SWE5005/back-end/project-capstone/keycloak-13.0.1/standalone/log
	jboss.server.name = desmonds-mbp
	jboss.server.persist.config = true
	jboss.server.temp.dir = /Users/desmondsoh/Library/Mobile Documents/com~apple~CloudDocs/Desmond/NTU_And_NUS_And_IMDA/IMDA_AND_NUS/NUS/MTECH School /Semester 2/Practice Module/Code/nus-SWE5005/back-end/project-capstone/keycloak-13.0.1/standalone/tmp
	jboss.socket.binding.port-offset = 100
	jdk.debug = release
	line.separator = 

	logging.configuration = file:/Users/desmondsoh/Library/Mobile Documents/com~apple~CloudDocs/Desmond/NTU_And_NUS_And_IMDA/IMDA_AND_NUS/NUS/MTECH School /Semester 2/Practice Module/Code/nus-SWE5005/back-end/project-capstone/keycloak-13.0.1/standalone/configuration/logging.properties
	module.path = /Users/desmondsoh/Library/Mobile Documents/com~apple~CloudDocs/Desmond/NTU_And_NUS_And_IMDA/IMDA_AND_NUS/NUS/MTECH School /Semester 2/Practice Module/Code/nus-SWE5005/back-end/project-capstone/keycloak-13.0.1/modules
	org.jboss.boot.log.file = /Users/desmondsoh/Library/Mobile Documents/com~apple~CloudDocs/Desmond/NTU_And_NUS_And_IMDA/IMDA_AND_NUS/NUS/MTECH School /Semester 2/Practice Module/Code/nus-SWE5005/back-end/project-capstone/keycloak-13.0.1/standalone/log/server.log
	org.jboss.resolver.warning = true
	os.arch = x86_64
	os.name = Mac OS X
	os.version = 11.3
	path.separator = :
	socksNonProxyHosts = local|*.local|169.254/16|*.169.254/16
	sun.arch.data.model = 64
	sun.boot.library.path = /Library/Java/JavaVirtualMachines/adoptopenjdk-11.jdk/Contents/Home/lib
	sun.cpu.endian = little
	sun.cpu.isalist = 
	sun.io.unicode.encoding = UnicodeBig
	sun.java.command = /Users/desmondsoh/Library/Mobile Documents/com~apple~CloudDocs/Desmond/NTU_And_NUS_And_IMDA/IMDA_AND_NUS/NUS/MTECH School /Semester 2/Practice Module/Code/nus-SWE5005/back-end/project-capstone/keycloak-13.0.1/jboss-modules.jar -mp /Users/desmondsoh/Library/Mobile Documents/com~apple~CloudDocs/Desmond/NTU_And_NUS_And_IMDA/IMDA_AND_NUS/NUS/MTECH School /Semester 2/Practice Module/Code/nus-SWE5005/back-end/project-capstone/keycloak-13.0.1/modules org.jboss.as.standalone -Djboss.home.dir=/Users/desmondsoh/Library/Mobile Documents/com~apple~CloudDocs/Desmond/NTU_And_NUS_And_IMDA/IMDA_AND_NUS/NUS/MTECH School /Semester 2/Practice Module/Code/nus-SWE5005/back-end/project-capstone/keycloak-13.0.1 -Djboss.server.base.dir=/Users/desmondsoh/Library/Mobile Documents/com~apple~CloudDocs/Desmond/NTU_And_NUS_And_IMDA/IMDA_AND_NUS/NUS/MTECH School /Semester 2/Practice Module/Code/nus-SWE5005/back-end/project-capstone/keycloak-13.0.1/standalone -Djboss.socket.binding.port-offset=100
	sun.java.launcher = SUN_STANDARD
	sun.jnu.encoding = UTF-8
	sun.management.compiler = HotSpot 64-Bit Tiered Compilers
	sun.os.patch.level = unknown
	user.country = GB
	user.dir = /Users/desmondsoh/Library/Mobile Documents/com~apple~CloudDocs/Desmond/NTU_And_NUS_And_IMDA/IMDA_AND_NUS/NUS/MTECH School /Semester 2/Practice Module/Code/nus-SWE5005/back-end/project-capstone/keycloak-13.0.1/bin
	user.home = /Users/desmondsoh
	user.language = en
	user.name = desmondsoh
	user.timezone = Asia/Singapore
2022-09-07 20:40:33,145 DEBUG [org.jboss.as.config] (MSC service thread 1-2) VM Arguments: -D[Standalone] -Xms64m -Xmx512m -XX:MetaspaceSize=96M -XX:MaxMetaspaceSize=256m -Djava.net.preferIPv4Stack=true -Djboss.modules.system.pkgs=org.jboss.byteman -Djava.awt.headless=true --add-exports=java.base/sun.nio.ch=ALL-UNNAMED --add-exports=jdk.unsupported/sun.misc=ALL-UNNAMED --add-exports=jdk.unsupported/sun.reflect=ALL-UNNAMED -Dorg.jboss.boot.log.file=/Users/desmondsoh/Library/Mobile Documents/com~apple~CloudDocs/Desmond/NTU_And_NUS_And_IMDA/IMDA_AND_NUS/NUS/MTECH School /Semester 2/Practice Module/Code/nus-SWE5005/back-end/project-capstone/keycloak-13.0.1/standalone/log/server.log -Dlogging.configuration=file:/Users/desmondsoh/Library/Mobile Documents/com~apple~CloudDocs/Desmond/NTU_And_NUS_And_IMDA/IMDA_AND_NUS/NUS/MTECH School /Semester 2/Practice Module/Code/nus-SWE5005/back-end/project-capstone/keycloak-13.0.1/standalone/configuration/logging.properties 
2022-09-07 20:40:34,513 INFO  [org.wildfly.security] (ServerService Thread Pool -- 20) ELY00001: WildFly Elytron version 1.15.3.Final
2022-09-07 20:40:35,218 INFO  [org.jboss.as.controller.management-deprecated] (ServerService Thread Pool -- 14) WFLYCTL0033: Extension 'security' is deprecated and may not be supported in future versions
2022-09-07 20:40:35,599 INFO  [org.jboss.as.controller.management-deprecated] (Controller Boot Thread) WFLYCTL0028: Attribute 'security-realm' in the resource at address '/core-service=management/management-interface=http-interface' is deprecated, and may be removed in a future version. See the attribute description in the output of the read-resource-description operation to learn more about the deprecation.
2022-09-07 20:40:35,633 INFO  [org.jboss.as.controller.management-deprecated] (ServerService Thread Pool -- 11) WFLYCTL0028: Attribute 'security-realm' in the resource at address '/subsystem=undertow/server=default-server/https-listener=https' is deprecated, and may be removed in a future version. See the attribute description in the output of the read-resource-description operation to learn more about the deprecation.
2022-09-07 20:40:35,866 INFO  [org.jboss.as.server] (Controller Boot Thread) WFLYSRV0039: Creating http management service using socket-binding (management-http)
2022-09-07 20:40:35,898 INFO  [org.xnio] (MSC service thread 1-6) XNIO version 3.8.4.Final
2022-09-07 20:40:35,908 INFO  [org.xnio.nio] (MSC service thread 1-6) XNIO NIO Implementation Version 3.8.4.Final
2022-09-07 20:40:35,959 INFO  [org.wildfly.extension.health] (ServerService Thread Pool -- 34) WFLYHEALTH0001: Activating Base Health Subsystem
2022-09-07 20:40:35,960 INFO  [org.wildfly.extension.io] (ServerService Thread Pool -- 35) WFLYIO001: Worker 'default' has auto-configured to 8 IO threads with 64 max task threads based on your 4 available processors
2022-09-07 20:40:35,962 INFO  [org.jboss.remoting] (MSC service thread 1-4) JBoss Remoting version 5.0.20.Final
2022-09-07 20:40:35,997 INFO  [org.jboss.as.jaxrs] (ServerService Thread Pool -- 36) WFLYRS0016: RESTEasy version 3.15.1.Final
2022-09-07 20:40:36,013 INFO  [org.jboss.as.clustering.infinispan] (ServerService Thread Pool -- 40) WFLYCLINF0001: Activating Infinispan subsystem.
2022-09-07 20:40:36,019 INFO  [org.jboss.as.connector] (MSC service thread 1-5) WFLYJCA0009: Starting Jakarta Connectors Subsystem (WildFly/IronJacamar 1.4.27.Final)
2022-09-07 20:40:36,098 INFO  [org.jboss.as.naming] (ServerService Thread Pool -- 45) WFLYNAM0001: Activating Naming Subsystem
2022-09-07 20:40:36,100 INFO  [org.wildfly.extension.metrics] (ServerService Thread Pool -- 44) WFLYMETRICS0001: Activating Base Metrics Subsystem
2022-09-07 20:40:36,109 INFO  [org.wildfly.extension.undertow] (MSC service thread 1-1) WFLYUT0003: Undertow 2.2.5.Final starting
2022-09-07 20:40:36,116 INFO  [org.jboss.as.naming] (MSC service thread 1-2) WFLYNAM0003: Starting Naming Service
2022-09-07 20:40:36,150 INFO  [org.jboss.as.mail.extension] (MSC service thread 1-3) WFLYMAIL0001: Bound mail session [java:jboss/mail/Default]
2022-09-07 20:40:36,152 WARN  [org.jboss.as.txn] (ServerService Thread Pool -- 52) WFLYTX0013: The node-identifier attribute on the /subsystem=transactions is set to the default value. This is a danger for environments running multiple servers. Please make sure the attribute value is unique.
2022-09-07 20:40:36,154 INFO  [org.jboss.as.security] (ServerService Thread Pool -- 49) WFLYSEC0002: Activating Security Subsystem
2022-09-07 20:40:36,187 INFO  [org.jboss.as.security] (MSC service thread 1-3) WFLYSEC0001: Current PicketBox version=5.0.3.Final-redhat-00007
2022-09-07 20:40:36,283 WARN  [org.wildfly.clustering.web.undertow] (ServerService Thread Pool -- 42) WFLYCLWEBUT0007: No routing provider found for default-server; using legacy provider based on static configuration
2022-09-07 20:40:36,310 INFO  [org.jboss.as.connector.subsystems.datasources] (ServerService Thread Pool -- 50) WFLYJCA0004: Deploying JDBC-compliant driver class org.h2.Driver (version 1.4)
2022-09-07 20:40:36,357 INFO  [org.jboss.as.connector.deployers.jdbc] (MSC service thread 1-4) WFLYJCA0018: Started Driver service with driver-name = h2
2022-09-07 20:40:36,392 WARN  [org.wildfly.extension.elytron] (MSC service thread 1-5) WFLYELY00023: KeyStore file '/Users/desmondsoh/Library/Mobile Documents/com~apple~CloudDocs/Desmond/NTU_And_NUS_And_IMDA/IMDA_AND_NUS/NUS/MTECH School /Semester 2/Practice Module/Code/nus-SWE5005/back-end/project-capstone/keycloak-13.0.1/standalone/configuration/application.keystore' does not exist. Used blank.
2022-09-07 20:40:36,420 WARN  [org.wildfly.extension.elytron] (MSC service thread 1-2) WFLYELY01084: KeyStore /Users/desmondsoh/Library/Mobile Documents/com~apple~CloudDocs/Desmond/NTU_And_NUS_And_IMDA/IMDA_AND_NUS/NUS/MTECH School /Semester 2/Practice Module/Code/nus-SWE5005/back-end/project-capstone/keycloak-13.0.1/standalone/configuration/application.keystore not found, it will be auto generated on first use with a self-signed certificate for host localhost
2022-09-07 20:40:36,486 INFO  [org.wildfly.extension.undertow] (ServerService Thread Pool -- 42) WFLYUT0014: Creating file handler for path '/Users/desmondsoh/Library/Mobile Documents/com~apple~CloudDocs/Desmond/NTU_And_NUS_And_IMDA/IMDA_AND_NUS/NUS/MTECH School /Semester 2/Practice Module/Code/nus-SWE5005/back-end/project-capstone/keycloak-13.0.1/welcome-content' with options [directory-listing: 'false', follow-symlink: 'false', case-sensitive: 'true', safe-symlink-paths: '[]']
2022-09-07 20:40:36,521 INFO  [org.wildfly.extension.undertow] (MSC service thread 1-1) WFLYUT0012: Started server default-server.
2022-09-07 20:40:36,523 INFO  [org.wildfly.extension.undertow] (MSC service thread 1-7) Queuing requests.
2022-09-07 20:40:36,525 INFO  [org.wildfly.extension.undertow] (MSC service thread 1-7) WFLYUT0018: Host default-host starting
2022-09-07 20:40:36,559 INFO  [org.jboss.as.ejb3] (MSC service thread 1-7) WFLYEJB0481: Strict pool slsb-strict-max-pool is using a max instance size of 64 (per class), which is derived from thread worker pool sizing.
2022-09-07 20:40:36,583 INFO  [org.jboss.as.ejb3] (MSC service thread 1-8) WFLYEJB0482: Strict pool mdb-strict-max-pool is using a max instance size of 16 (per class), which is derived from the number of CPUs on this host.
2022-09-07 20:40:36,753 INFO  [org.wildfly.extension.undertow] (MSC service thread 1-1) WFLYUT0006: Undertow HTTP listener default listening on 127.0.0.1:8180
2022-09-07 20:40:36,963 INFO  [org.jboss.as.ejb3] (MSC service thread 1-8) WFLYEJB0493: Jakarta Enterprise Beans subsystem suspension complete
2022-09-07 20:40:37,115 INFO  [org.jboss.as.connector.subsystems.datasources] (MSC service thread 1-1) WFLYJCA0001: Bound data source [java:jboss/datasources/ExampleDS]
2022-09-07 20:40:37,116 INFO  [org.jboss.as.connector.subsystems.datasources] (MSC service thread 1-4) WFLYJCA0001: Bound data source [java:jboss/datasources/KeycloakDS]
2022-09-07 20:40:37,617 INFO  [org.jboss.as.patching] (MSC service thread 1-4) WFLYPAT0050: Keycloak cumulative patch ID is: base, one-off patches include: none
2022-09-07 20:40:37,659 INFO  [org.jboss.as.server.deployment.scanner] (MSC service thread 1-8) WFLYDS0013: Started FileSystemDeploymentService for directory /Users/desmondsoh/Library/Mobile Documents/com~apple~CloudDocs/Desmond/NTU_And_NUS_And_IMDA/IMDA_AND_NUS/NUS/MTECH School /Semester 2/Practice Module/Code/nus-SWE5005/back-end/project-capstone/keycloak-13.0.1/standalone/deployments
2022-09-07 20:40:37,659 WARN  [org.jboss.as.domain.management.security] (MSC service thread 1-3) WFLYDM0111: Keystore /Users/desmondsoh/Library/Mobile Documents/com~apple~CloudDocs/Desmond/NTU_And_NUS_And_IMDA/IMDA_AND_NUS/NUS/MTECH School /Semester 2/Practice Module/Code/nus-SWE5005/back-end/project-capstone/keycloak-13.0.1/standalone/configuration/application.keystore not found, it will be auto generated on first use with a self signed certificate for host localhost
2022-09-07 20:40:37,672 INFO  [org.jboss.as.server.deployment] (MSC service thread 1-5) WFLYSRV0027: Starting deployment of "keycloak-server.war" (runtime-name: "keycloak-server.war")
2022-09-07 20:40:37,724 INFO  [org.wildfly.extension.undertow] (MSC service thread 1-2) WFLYUT0006: Undertow HTTPS listener https listening on 127.0.0.1:8543
2022-09-07 20:40:38,880 INFO  [org.infinispan.CONTAINER] (ServerService Thread Pool -- 54) ISPN000128: Infinispan version: Infinispan 'Corona Extra' 11.0.9.Final
2022-09-07 20:40:38,978 INFO  [org.infinispan.CONFIG] (MSC service thread 1-4) ISPN000152: Passivation configured without an eviction policy being selected. Only manually evicted entities will be passivated.
2022-09-07 20:40:38,981 INFO  [org.infinispan.CONFIG] (MSC service thread 1-4) ISPN000152: Passivation configured without an eviction policy being selected. Only manually evicted entities will be passivated.
2022-09-07 20:40:39,177 INFO  [org.infinispan.PERSISTENCE] (ServerService Thread Pool -- 54) ISPN000556: Starting user marshaller 'org.wildfly.clustering.infinispan.spi.marshalling.InfinispanProtoStreamMarshaller'
2022-09-07 20:40:39,176 INFO  [org.infinispan.PERSISTENCE] (ServerService Thread Pool -- 55) ISPN000556: Starting user marshaller 'org.wildfly.clustering.infinispan.marshalling.jboss.JBossMarshaller'
2022-09-07 20:40:39,693 INFO  [org.jboss.as.clustering.infinispan] (ServerService Thread Pool -- 54) WFLYCLINF0002: Started http-remoting-connector cache from ejb container
2022-09-07 20:40:39,725 INFO  [org.jboss.as.clustering.infinispan] (ServerService Thread Pool -- 65) WFLYCLINF0002: Started offlineClientSessions cache from keycloak container
2022-09-07 20:40:39,746 INFO  [org.jboss.as.clustering.infinispan] (ServerService Thread Pool -- 55) WFLYCLINF0002: Started authenticationSessions cache from keycloak container
2022-09-07 20:40:39,727 INFO  [org.jboss.as.clustering.infinispan] (ServerService Thread Pool -- 63) WFLYCLINF0002: Started offlineSessions cache from keycloak container
2022-09-07 20:40:39,725 INFO  [org.jboss.as.clustering.infinispan] (ServerService Thread Pool -- 66) WFLYCLINF0002: Started clientSessions cache from keycloak container
2022-09-07 20:40:39,725 INFO  [org.jboss.as.clustering.infinispan] (ServerService Thread Pool -- 57) WFLYCLINF0002: Started actionTokens cache from keycloak container
2022-09-07 20:40:39,726 INFO  [org.jboss.as.clustering.infinispan] (ServerService Thread Pool -- 60) WFLYCLINF0002: Started sessions cache from keycloak container
2022-09-07 20:40:39,728 INFO  [org.jboss.as.clustering.infinispan] (ServerService Thread Pool -- 59) WFLYCLINF0002: Started work cache from keycloak container
2022-09-07 20:40:39,728 INFO  [org.jboss.as.clustering.infinispan] (ServerService Thread Pool -- 61) WFLYCLINF0002: Started loginFailures cache from keycloak container
2022-09-07 20:40:39,777 INFO  [org.jboss.as.clustering.infinispan] (ServerService Thread Pool -- 64) WFLYCLINF0002: Started users cache from keycloak container
2022-09-07 20:40:39,778 INFO  [org.jboss.as.clustering.infinispan] (ServerService Thread Pool -- 58) WFLYCLINF0002: Started keys cache from keycloak container
2022-09-07 20:40:39,778 INFO  [org.jboss.as.clustering.infinispan] (ServerService Thread Pool -- 56) WFLYCLINF0002: Started realms cache from keycloak container
2022-09-07 20:40:39,780 INFO  [org.jboss.as.clustering.infinispan] (ServerService Thread Pool -- 62) WFLYCLINF0002: Started authorization cache from keycloak container
2022-09-07 20:40:40,389 WARN  [org.jboss.as.server.deployment] (MSC service thread 1-6) WFLYSRV0273: Excluded subsystem webservices via jboss-deployment-structure.xml does not exist.
2022-09-07 20:40:41,819 INFO  [org.keycloak.services] (ServerService Thread Pool -- 54) KC-SERVICES0001: Loading config from standalone.xml or domain.xml
2022-09-07 20:40:42,761 INFO  [org.keycloak.url.DefaultHostnameProviderFactory] (ServerService Thread Pool -- 54) Frontend: <request>, Admin: <frontend>, Backend: <request>
2022-09-07 20:40:43,143 INFO  [org.jboss.as.clustering.infinispan] (ServerService Thread Pool -- 54) WFLYCLINF0002: Started realmRevisions cache from keycloak container
2022-09-07 20:40:43,163 INFO  [org.jboss.as.clustering.infinispan] (ServerService Thread Pool -- 54) WFLYCLINF0002: Started userRevisions cache from keycloak container
2022-09-07 20:40:43,185 INFO  [org.jboss.as.clustering.infinispan] (ServerService Thread Pool -- 54) WFLYCLINF0002: Started authorizationRevisions cache from keycloak container
2022-09-07 20:40:43,189 INFO  [org.keycloak.connections.infinispan.DefaultInfinispanConnectionProviderFactory] (ServerService Thread Pool -- 54) Node name: desmonds-mbp, Site name: null
2022-09-07 20:40:44,279 INFO  [org.keycloak.connections.jpa.DefaultJpaConnectionProviderFactory] (ServerService Thread Pool -- 54) Database info: {databaseUrl=jdbc:h2:/Users/desmondsoh/Library/Mobile Documents/com~apple~CloudDocs/Desmond/NTU_And_NUS_And_IMDA/IMDA_AND_NUS/NUS/MTECH School /Semester 2/Practice Module/Code/nus-SWE5005/back-end/project-capstone/keycloak-13.0.1/standalone/data/keycloak, databaseUser=SA, databaseProduct=H2 1.4.197 (2018-03-18), databaseDriver=H2 JDBC Driver 1.4.197 (2018-03-18)}
2022-09-07 20:40:48,974 INFO  [org.hibernate.jpa.internal.util.LogHelper] (ServerService Thread Pool -- 54) HHH000204: Processing PersistenceUnitInfo [
	name: keycloak-default
	...]
2022-09-07 20:40:49,105 INFO  [org.hibernate.Version] (ServerService Thread Pool -- 54) HHH000412: Hibernate Core {5.3.20.Final}
2022-09-07 20:40:49,107 INFO  [org.hibernate.cfg.Environment] (ServerService Thread Pool -- 54) HHH000206: hibernate.properties not found
2022-09-07 20:40:49,405 INFO  [org.hibernate.annotations.common.Version] (ServerService Thread Pool -- 54) HCANN000001: Hibernate Commons Annotations {5.0.5.Final}
2022-09-07 20:40:49,685 INFO  [org.hibernate.dialect.Dialect] (ServerService Thread Pool -- 54) HHH000400: Using dialect: org.hibernate.dialect.H2Dialect
2022-09-07 20:40:49,803 INFO  [org.hibernate.envers.boot.internal.EnversServiceImpl] (ServerService Thread Pool -- 54) Envers integration enabled? : true
2022-09-07 20:40:50,525 INFO  [org.hibernate.orm.beans] (ServerService Thread Pool -- 54) HHH10005002: No explicit CDI BeanManager reference was passed to Hibernate, but CDI is available on the Hibernate ClassLoader.
2022-09-07 20:40:50,607 INFO  [org.hibernate.validator.internal.util.Version] (ServerService Thread Pool -- 54) HV000001: Hibernate Validator 6.0.22.Final
2022-09-07 20:40:52,191 INFO  [org.hibernate.hql.internal.QueryTranslatorFactoryInitiator] (ServerService Thread Pool -- 54) HHH000397: Using ASTQueryTranslatorFactory
2022-09-07 20:40:53,490 INFO  [org.jboss.resteasy.resteasy_jaxrs.i18n] (ServerService Thread Pool -- 54) RESTEASY002225: Deploying javax.ws.rs.core.Application: class org.keycloak.services.resources.KeycloakApplication
2022-09-07 20:40:53,494 INFO  [org.jboss.resteasy.resteasy_jaxrs.i18n] (ServerService Thread Pool -- 54) RESTEASY002205: Adding provider class org.keycloak.services.filters.KeycloakSecurityHeadersFilter from Application class org.keycloak.services.resources.KeycloakApplication
2022-09-07 20:40:53,494 INFO  [org.jboss.resteasy.resteasy_jaxrs.i18n] (ServerService Thread Pool -- 54) RESTEASY002205: Adding provider class org.keycloak.services.error.KeycloakErrorHandler from Application class org.keycloak.services.resources.KeycloakApplication
2022-09-07 20:40:53,495 INFO  [org.jboss.resteasy.resteasy_jaxrs.i18n] (ServerService Thread Pool -- 54) RESTEASY002200: Adding class resource org.keycloak.services.resources.JsResource from Application class org.keycloak.services.resources.KeycloakApplication
2022-09-07 20:40:53,495 INFO  [org.jboss.resteasy.resteasy_jaxrs.i18n] (ServerService Thread Pool -- 54) RESTEASY002200: Adding class resource org.keycloak.services.resources.ThemeResource from Application class org.keycloak.services.resources.KeycloakApplication
2022-09-07 20:40:53,503 INFO  [org.jboss.resteasy.resteasy_jaxrs.i18n] (ServerService Thread Pool -- 54) RESTEASY002220: Adding singleton resource org.keycloak.services.resources.RobotsResource from Application class org.keycloak.services.resources.KeycloakApplication
2022-09-07 20:40:53,503 INFO  [org.jboss.resteasy.resteasy_jaxrs.i18n] (ServerService Thread Pool -- 54) RESTEASY002210: Adding provider singleton org.keycloak.services.util.ObjectMapperResolver from Application class org.keycloak.services.resources.KeycloakApplication
2022-09-07 20:40:53,503 INFO  [org.jboss.resteasy.resteasy_jaxrs.i18n] (ServerService Thread Pool -- 54) RESTEASY002220: Adding singleton resource org.keycloak.services.resources.admin.AdminRoot from Application class org.keycloak.services.resources.KeycloakApplication
2022-09-07 20:40:53,503 INFO  [org.jboss.resteasy.resteasy_jaxrs.i18n] (ServerService Thread Pool -- 54) RESTEASY002220: Adding singleton resource org.keycloak.services.resources.RealmsResource from Application class org.keycloak.services.resources.KeycloakApplication
2022-09-07 20:40:53,505 INFO  [org.jboss.resteasy.resteasy_jaxrs.i18n] (ServerService Thread Pool -- 54) RESTEASY002220: Adding singleton resource org.keycloak.services.resources.WelcomeResource from Application class org.keycloak.services.resources.KeycloakApplication
2022-09-07 20:40:53,685 INFO  [org.wildfly.extension.undertow] (ServerService Thread Pool -- 54) WFLYUT0021: Registered web context: '/auth' for server 'default-server'
2022-09-07 20:40:53,806 INFO  [org.jboss.as.server] (ServerService Thread Pool -- 41) WFLYSRV0010: Deployed "keycloak-server.war" (runtime-name : "keycloak-server.war")
2022-09-07 20:40:53,860 INFO  [org.jboss.as.server] (Controller Boot Thread) WFLYSRV0212: Resuming server
2022-09-07 20:40:53,864 INFO  [org.jboss.as] (Controller Boot Thread) WFLYSRV0025: Keycloak 13.0.1 (WildFly Core 15.0.1.Final) started in 23592ms - Started 594 of 872 services (584 services are lazy, passive or on-demand)
2022-09-07 20:40:53,867 INFO  [org.jboss.as] (Controller Boot Thread) WFLYSRV0060: Http management interface listening on http://127.0.0.1:10090/management
2022-09-07 20:40:53,867 INFO  [org.jboss.as] (Controller Boot Thread) WFLYSRV0051: Admin console listening on http://127.0.0.1:10090
2022-09-07 20:47:02,083 WARN  [org.keycloak.events] (default task-1) type=REFRESH_TOKEN_ERROR, realmId=master, clientId=security-admin-console, userId=c26b82ba-4dd2-4997-9788-17776c2e8669, ipAddress=127.0.0.1, error=invalid_token, grant_type=refresh_token, refresh_token_type=Refresh, refresh_token_id=3cf538e3-cafe-4ad7-8c27-786efe698973, client_auth_method=client-secret
2022-09-07 21:08:45,146 INFO  [org.jboss.as.server] (Thread-1) WFLYSRV0272: Suspending server
2022-09-07 21:08:45,191 INFO  [org.jboss.as.ejb3] (Thread-1) WFLYEJB0493: Jakarta Enterprise Beans subsystem suspension complete
2022-09-07 21:08:45,210 INFO  [org.jboss.as.server] (Thread-1) WFLYSRV0220: Server shutdown has been requested via an OS signal
2022-09-07 21:08:45,271 INFO  [org.jboss.as.connector.subsystems.datasources] (MSC service thread 1-7) WFLYJCA0010: Unbound data source [java:jboss/datasources/KeycloakDS]
2022-09-07 21:08:45,274 INFO  [org.jboss.as.mail.extension] (MSC service thread 1-5) WFLYMAIL0002: Unbound mail session [java:jboss/mail/Default]
2022-09-07 21:08:45,287 INFO  [org.wildfly.extension.undertow] (ServerService Thread Pool -- 69) WFLYUT0022: Unregistered web context: '/auth' from server 'default-server'
2022-09-07 21:08:45,293 INFO  [org.wildfly.extension.undertow] (MSC service thread 1-4) WFLYUT0008: Undertow HTTPS listener https suspending
2022-09-07 21:08:45,299 INFO  [org.wildfly.extension.undertow] (MSC service thread 1-4) WFLYUT0007: Undertow HTTPS listener https stopped, was bound to 127.0.0.1:8543
2022-09-07 21:08:45,336 INFO  [org.jboss.as.connector.subsystems.datasources] (MSC service thread 1-7) WFLYJCA0010: Unbound data source [java:jboss/datasources/ExampleDS]
2022-09-07 21:08:45,338 INFO  [org.jboss.as.connector.deployers.jdbc] (MSC service thread 1-8) WFLYJCA0019: Stopped Driver service with driver-name = h2
2022-09-07 21:08:45,344 INFO  [org.wildfly.extension.undertow] (MSC service thread 1-4) WFLYUT0019: Host default-host stopping
2022-09-07 21:08:45,375 INFO  [org.jboss.as.server.deployment] (MSC service thread 1-6) WFLYSRV0028: Stopped deployment keycloak-server.war (runtime-name: keycloak-server.war) in 152ms
2022-09-07 21:08:45,378 INFO  [org.wildfly.extension.undertow] (MSC service thread 1-8) WFLYUT0008: Undertow HTTP listener default suspending
2022-09-07 21:08:45,384 INFO  [org.wildfly.extension.undertow] (MSC service thread 1-8) WFLYUT0007: Undertow HTTP listener default stopped, was bound to 127.0.0.1:8180
2022-09-07 21:08:45,385 INFO  [org.wildfly.extension.undertow] (MSC service thread 1-6) WFLYUT0004: Undertow 2.2.5.Final stopping
2022-09-07 21:08:45,387 INFO  [org.jboss.as.clustering.infinispan] (ServerService Thread Pool -- 69) WFLYCLINF0003: Stopped loginFailures cache from keycloak container
2022-09-07 21:08:45,387 INFO  [org.jboss.as.clustering.infinispan] (ServerService Thread Pool -- 73) WFLYCLINF0003: Stopped work cache from keycloak container
2022-09-07 21:08:45,388 INFO  [org.jboss.as.clustering.infinispan] (ServerService Thread Pool -- 78) WFLYCLINF0003: Stopped clientSessions cache from keycloak container
2022-09-07 21:08:45,390 INFO  [org.jboss.as.clustering.infinispan] (ServerService Thread Pool -- 76) WFLYCLINF0003: Stopped authenticationSessions cache from keycloak container
2022-09-07 21:08:45,395 INFO  [org.jboss.as.clustering.infinispan] (ServerService Thread Pool -- 79) WFLYCLINF0003: Stopped sessions cache from keycloak container
2022-09-07 21:08:45,397 INFO  [org.jboss.as.clustering.infinispan] (ServerService Thread Pool -- 54) WFLYCLINF0003: Stopped offlineSessions cache from keycloak container
2022-09-07 21:08:45,399 INFO  [org.jboss.as.clustering.infinispan] (ServerService Thread Pool -- 80) WFLYCLINF0003: Stopped actionTokens cache from keycloak container
2022-09-07 21:08:45,400 INFO  [org.jboss.as.clustering.infinispan] (ServerService Thread Pool -- 74) WFLYCLINF0003: Stopped offlineClientSessions cache from keycloak container
2022-09-07 21:08:45,401 INFO  [org.jboss.as.clustering.infinispan] (ServerService Thread Pool -- 72) WFLYCLINF0003: Stopped keys cache from keycloak container
2022-09-07 21:08:45,403 INFO  [org.jboss.as.clustering.infinispan] (ServerService Thread Pool -- 70) WFLYCLINF0003: Stopped authorization cache from keycloak container
2022-09-07 21:08:45,404 INFO  [org.jboss.as.clustering.infinispan] (ServerService Thread Pool -- 77) WFLYCLINF0003: Stopped users cache from keycloak container
2022-09-07 21:08:45,407 INFO  [org.jboss.as.clustering.infinispan] (ServerService Thread Pool -- 75) WFLYCLINF0003: Stopped realms cache from keycloak container
2022-09-07 21:08:45,410 INFO  [org.infinispan.manager.DefaultCacheManager] (ServerService Thread Pool -- 75) Stopping cache manager null on null
2022-09-07 21:08:45,529 INFO  [org.jboss.as.clustering.infinispan] (ServerService Thread Pool -- 71) WFLYCLINF0003: Stopped http-remoting-connector cache from ejb container
2022-09-07 21:08:45,530 INFO  [org.infinispan.manager.DefaultCacheManager] (ServerService Thread Pool -- 71) Stopping cache manager null on null
2022-09-07 21:08:45,539 INFO  [org.jboss.as] (MSC service thread 1-7) WFLYSRV0050: Keycloak 13.0.1 (WildFly Core 15.0.1.Final) stopped in 316ms
